==============================================================================
Suites                                                                        
==============================================================================
Suites.OrangeHRM AddUser Search User :: Suite description                     
==============================================================================
Launch OrangeHRM and login to application                             | PASS |
------------------------------------------------------------------------------
Click on Admin->UserManagement->Users and Click on Add button         | PASS |
------------------------------------------------------------------------------
Add Users Details and Click on Save button                            | PASS |
------------------------------------------------------------------------------
Search User from WebTable                                             | FAIL |
Element with locator 'id=searchSystemUser_userName' not found.
------------------------------------------------------------------------------
Close Browser                                                         | PASS |
------------------------------------------------------------------------------
Suites.OrangeHRM AddUser Search User :: Suite description             | FAIL |
5 tests, 4 passed, 1 failed
==============================================================================
Suites                                                                | FAIL |
5 tests, 4 passed, 1 failed
==============================================================================
Output:  C:\Users\adixit\PycharmProjects\RobotFramework\Results_Suite\pabot_results\5\output.xml
