==============================================================================
Suites                                                                        
==============================================================================
Suites.OrangeHRM AddUser Verify User :: Suite description                     
==============================================================================
Launch OrangeHRM and login to application                             | PASS |
------------------------------------------------------------------------------
Click on Admin->UserManagement->Users and Click on Add button         | FAIL |
Element with locator 'link=User Management' not found.
------------------------------------------------------------------------------
Add Users Details and Click on Save button                            | FAIL |
List with locator 'id=systemUser_userType' not found.
------------------------------------------------------------------------------
Verify that User added to WebTable                                    | FAIL |
Element with locator 'xpath=//a[text()='Kumar22']' not found.
------------------------------------------------------------------------------
Close Browser at end                                                  | PASS |
------------------------------------------------------------------------------
Suites.OrangeHRM AddUser Verify User :: Suite description             | FAIL |
5 critical tests, 2 passed, 3 failed
5 tests total, 2 passed, 3 failed
==============================================================================
Suites                                                                | FAIL |
5 critical tests, 2 passed, 3 failed
5 tests total, 2 passed, 3 failed
==============================================================================
Output:  C:\Users\adixit\PycharmProjects\RobotFramework\Results\pabot_results\6\output.xml
