==============================================================================
Suites                                                                        
==============================================================================
Suites.CreateOrder WebOrder :: Suite description                              
==============================================================================
Test1 :: login to Web page                                            | PASS |
------------------------------------------------------------------------------
Test2 :: Create Order                                                 | PASS |
------------------------------------------------------------------------------
Test3 :: Verify Added user under View All Order Page                  | PASS |
------------------------------------------------------------------------------
Test4 :: Logout from WebOrder                                         | PASS |
------------------------------------------------------------------------------
Test5 :: Close the Browser                                            | PASS |
------------------------------------------------------------------------------
Suites.CreateOrder WebOrder :: Suite description                      | PASS |
5 tests, 5 passed, 0 failed
==============================================================================
Suites                                                                | PASS |
5 tests, 5 passed, 0 failed
==============================================================================
Output:  C:\Users\adixit\PycharmProjects\RobotFramework\Results\pabot_results\2\output.xml
