==============================================================================
Suites                                                                        
==============================================================================
Suites.OrangeHRM Add Random User :: Suite description                         
==============================================================================
Launch OrangeHRM and login to application                             | PASS |
------------------------------------------------------------------------------
Click on Admin->UserManagement->Users and Click on Add button         | FAIL |
Element with locator 'link=User Management' not found.
------------------------------------------------------------------------------
Add Users Details and Click on Save button                            | FAIL |
List with locator 'id=systemUser_userType' not found.
------------------------------------------------------------------------------
Close Browser                                                         | PASS |
------------------------------------------------------------------------------
Suites.OrangeHRM Add Random User :: Suite description                 | FAIL |
4 tests, 2 passed, 2 failed
==============================================================================
Suites                                                                | FAIL |
4 tests, 2 passed, 2 failed
==============================================================================
Output:  C:\Users\adixit\PycharmProjects\RobotFramework\Results_Suite\pabot_results\4\output.xml
