==============================================================================
Suites                                                                        
==============================================================================
Suites.OrangeHRM Verify Deleted User :: Suite description                     
==============================================================================
Launch OrangeHRM and login to application                             | PASS |
------------------------------------------------------------------------------
Click on Admin->UserManagement->Users and Click on Add button         | PASS |
------------------------------------------------------------------------------
Add Users Details and Click on Save button                            | PASS |
------------------------------------------------------------------------------
Verify that User added to WebTable                                    | PASS |
------------------------------------------------------------------------------
Delete the User from List and Verify that Deleter user not preset ... | PASS |
------------------------------------------------------------------------------
Close Browser at end                                                  | PASS |
------------------------------------------------------------------------------
Suites.OrangeHRM Verify Deleted User :: Suite description             | PASS |
6 critical tests, 6 passed, 0 failed
6 tests total, 6 passed, 0 failed
==============================================================================
Suites                                                                | PASS |
6 critical tests, 6 passed, 0 failed
6 tests total, 6 passed, 0 failed
==============================================================================
Output:  C:\Users\adixit\PycharmProjects\RobotFramework\Results\pabot_results\7\output.xml
