1662715738093	geckodriver	INFO	Listening on 127.0.0.1:58874
1662715741202	mozrunner::runner	INFO	Running command: "C:\\Program Files\\Mozilla Firefox\\firefox.exe" "--marionette" "-no-remote" "-profile" "C:\\Users\\adixit\\AppData\\Local\\Temp\\rust_mozprofileGKR722"
1662715741819	Marionette	INFO	Marionette enabled
1662715741827	Marionette	INFO	Listening on port 49329
1662715742496	RemoteAgent	WARN	TLS certificate errors will be ignored for this session
console.warn: SearchSettings: "get: No settings file exists, new profile?" (new NotFoundError("Could not open the file at C:\\Users\\adixit\\AppData\\Local\\Temp\\rust_mozprofileGKR722\\search.json.mozlz4", (void 0)))
console.error: services.settings: 
  main/query-stripping Signature failed  InvalidSignatureError: Invalid content signature (main/query-stripping)
console.error: services.settings: 
  main/query-stripping local data was corrupted
console.warn: services.settings: main/query-stripping Signature verified failed. Retry from scratch
console.error: services.settings: 
  main/query-stripping Signature failed again InvalidSignatureError: Invalid content signature (main/query-stripping)
console.warn: LoginRecipes: "getRecipes: falling back to a synchronous message for:" "https://opensource-demo.orangehrmlive.com"
console.warn: LoginRecipes: "getRecipes: falling back to a synchronous message for:" "https://opensource-demo.orangehrmlive.com"
JavaScript error: resource://gre/modules/LoginManagerParent.jsm, line 136: TypeError: gRecipeManager is null
console.warn: LoginRecipes: "getRecipes: falling back to a synchronous message for:" "https://opensource-demo.orangehrmlive.com"
JavaScript error: resource://gre/modules/LoginManagerParent.jsm, line 136: TypeError: gRecipeManager is null
JavaScript error: https://www.orangehrm.com/_resources/themes/orangehrm/dist/main.js, line 61: TypeError: r(...).popover is not a function
JavaScript error: https://www.orangehrm.com/_resources/themes/orangehrm/dist/main.js, line 34: ReferenceError: oldInputs is not defined
1662715766514	Marionette	INFO	Stopped listening on port 49329
