1662954970552	geckodriver	INFO	Listening on 127.0.0.1:52069
1662954973599	mozrunner::runner	INFO	Running command: "C:\\Program Files\\Mozilla Firefox\\firefox.exe" "--marionette" "-no-remote" "-profile" "C:\\Users\\adixit\\AppData\\Local\\Temp\\rust_mozprofileDfbv4N"
1662954974522	Marionette	INFO	Marionette enabled
1662954974536	Marionette	INFO	Listening on port 52080
1662954974731	RemoteAgent	WARN	TLS certificate errors will be ignored for this session
console.warn: SearchSettings: "get: No settings file exists, new profile?" (new NotFoundError("Could not open the file at C:\\Users\\adixit\\AppData\\Local\\Temp\\rust_mozprofileDfbv4N\\search.json.mozlz4", (void 0)))
console.error: services.settings: 
  main/query-stripping Signature failed  InvalidSignatureError: Invalid content signature (main/query-stripping)
console.error: services.settings: 
  main/query-stripping local data was corrupted
console.warn: services.settings: main/query-stripping Signature verified failed. Retry from scratch
console.error: services.settings: 
  main/query-stripping Signature failed again InvalidSignatureError: Invalid content signature (main/query-stripping)
JavaScript warning: https://pagead2.googlesyndication.com/bg/PsgKtCaN-XibavDd5zYoPighR_y43YjKXjrNcIggNuI.js line 2 > eval line 7262 > eval line 1 > eval line 1 > eval, line 1: WEBGL_debug_renderer_info is deprecated in Firefox and will be removed. Please use RENDERER.
1662954987382	Marionette	WARN	Ignoring event 'pageshow' because document has an invalid readyState of 'uninitialized'.
1662954993022	Marionette	WARN	TimedPromise timed out after 500 ms: stacktrace:
TimedPromise/<@chrome://remote/content/marionette/sync.js:237:24
TimedPromise@chrome://remote/content/marionette/sync.js:222:10
interaction.flushEventLoop@chrome://remote/content/marionette/interaction.js:431:10
webdriverClickElement@chrome://remote/content/marionette/interaction.js:179:31
1662954996706	Marionette	INFO	Stopped listening on port 52080
