1663041811015	geckodriver	INFO	Listening on 127.0.0.1:51993
1663041814082	mozrunner::runner	INFO	Running command: "C:\\Program Files\\Mozilla Firefox\\firefox.exe" "--marionette" "-no-remote" "-profile" "C:\\Users\\adixit\\AppData\\Local\\Temp\\rust_mozprofileM9siQv"
1663041814956	Marionette	INFO	Marionette enabled
1663041814968	Marionette	INFO	Listening on port 52001
1663041815278	RemoteAgent	WARN	TLS certificate errors will be ignored for this session
console.warn: SearchSettings: "get: No settings file exists, new profile?" (new NotFoundError("Could not open the file at C:\\Users\\adixit\\AppData\\Local\\Temp\\rust_mozprofileM9siQv\\search.json.mozlz4", (void 0)))
console.warn: LoginRecipes: "getRecipes: falling back to a synchronous message for:" "http://secure.smartbearsoftware.com"
console.warn: LoginRecipes: "getRecipes: falling back to a synchronous message for:" "http://secure.smartbearsoftware.com"
JavaScript error: resource://gre/modules/LoginManagerParent.jsm, line 136: TypeError: gRecipeManager is null
console.warn: LoginRecipes: "getRecipes: falling back to a synchronous message for:" "http://secure.smartbearsoftware.com"
JavaScript error: resource://gre/modules/LoginManagerParent.jsm, line 136: TypeError: gRecipeManager is null
console.warn: LoginRecipes: "getRecipes: falling back to a synchronous message for:" "http://secure.smartbearsoftware.com"
JavaScript error: resource://gre/modules/LoginManagerParent.jsm, line 136: TypeError: gRecipeManager is null
console.warn: LoginRecipes: "getRecipes: falling back to a synchronous message for:" "http://secure.smartbearsoftware.com"
JavaScript error: resource://gre/modules/LoginManagerParent.jsm, line 136: TypeError: gRecipeManager is null
console.warn: LoginRecipes: "getRecipes: falling back to a synchronous message for:" "http://secure.smartbearsoftware.com"
JavaScript error: resource://gre/modules/LoginManagerParent.jsm, line 136: TypeError: gRecipeManager is null
console.warn: LoginRecipes: "getRecipes: falling back to a synchronous message for:" "http://secure.smartbearsoftware.com"
JavaScript error: resource://gre/modules/LoginManagerParent.jsm, line 136: TypeError: gRecipeManager is null
1663041827992	Marionette	INFO	Stopped listening on port 52001
