==============================================================================
Suites                                                                        
==============================================================================
Suites.OrangeHRM Verify Deleted User :: Suite description                     
==============================================================================
Launch OrangeHRM and login to application                             | PASS |
------------------------------------------------------------------------------
Click on Admin->UserManagement->Users and Click on Add button         | PASS |
------------------------------------------------------------------------------
Add Users Details and Click on Save button                            | PASS |
------------------------------------------------------------------------------
Verify that User added to WebTable                                    | FAIL |
Element with locator 'xpath=//a[text()='Kumar55']' not found.
------------------------------------------------------------------------------
Delete the User from List and Verify that Deleter user not preset ... | FAIL |
Button with locator 'id=btnDelete' not found.
------------------------------------------------------------------------------
Close Browser at end                                                  | PASS |
------------------------------------------------------------------------------
Suites.OrangeHRM Verify Deleted User :: Suite description             | FAIL |
6 tests, 4 passed, 2 failed
==============================================================================
Suites                                                                | FAIL |
6 tests, 4 passed, 2 failed
==============================================================================
Output:  C:\Users\adixit\PycharmProjects\RobotFramework\Results_Suite\pabot_results\7\output.xml
